11-dic-2008 10:18:07 org.apache.catalina.core.AprLifecycleListener init
INFO: The APR based Apache Tomcat Native library which allows optimal performance in production environments was not found on the java.library.path: C:\usr\jdk1.5.0_17\bin;.;C:\WINDOWS\system32;C:\WINDOWS;C:\WINDOWS\system32;C:\WINDOWS;C:\WINDOWS\System32\Wbem;C:\Archivos de programa\Intel\WiFi\bin\;C:\usr\db-derby-10.4.2.0\bin;C:\usr\jdk1.5.0_17\bin;C:\Archivos de programa\IDM Computer Solutions\UltraEdit\
11-dic-2008 10:18:07 org.apache.coyote.http11.Http11Protocol init
INFO: Inicializando Coyote HTTP/1.1 en puerto http-80
11-dic-2008 10:18:07 org.apache.catalina.startup.Catalina load
INFO: Initialization processed in 428 ms
11-dic-2008 10:18:07 org.apache.catalina.core.StandardService start
INFO: Arrancando servicio Catalina
11-dic-2008 10:18:07 org.apache.catalina.core.StandardEngine start
INFO: Starting Servlet Engine: Apache Tomcat/6.0.16
11-dic-2008 10:18:08 org.apache.catalina.core.StandardContext addApplicationListener
INFO: The listener "com.lb.gpps.support.GppsContextLoaderListener" is already configured for this context. The duplicate definition has been ignored.
11-dic-2008 10:18:17 org.apache.catalina.startup.HostConfig deployWAR
INFO: Despliegue del archivo drools-guvnor.war de la aplicación web
11-dic-2008 10:18:17 org.apache.catalina.core.StandardContext addApplicationListener
INFO: The listener "com.sun.faces.util.ReflectionUtils$ReflectionUtilsListener" is already configured for this context. The duplicate definition has been ignored.
11-dic-2008 10:18:17 org.apache.catalina.core.StandardContext addApplicationListener
INFO: The listener "com.sun.faces.config.ConfigureListener" is already configured for this context. The duplicate definition has been ignored.
11-dic-2008 10:18:17 org.apache.catalina.core.StandardContext addApplicationListener
INFO: The listener "com.sun.faces.application.WebappLifecycleListener" is already configured for this context. The duplicate definition has been ignored.
11-dic-2008 10:18:17 org.apache.catalina.core.StandardContext addApplicationListener
INFO: The listener "org.jboss.seam.servlet.SeamListener" is already configured for this context. The duplicate definition has been ignored.
11-dic-2008 10:18:18 org.apache.catalina.session.StandardManager doLoad
GRAVE: IOException al cargar sesiones persistidas: java.io.WriteAbortedException: writing aborted; java.io.NotSerializableException: org.drools.guvnor.server.security.RoleBasedPermissionManager
java.io.WriteAbortedException: writing aborted; java.io.NotSerializableException: org.drools.guvnor.server.security.RoleBasedPermissionManager
	at java.io.ObjectInputStream.readObject0(ObjectInputStream.java:1309)
	at java.io.ObjectInputStream.defaultReadFields(ObjectInputStream.java:1908)
	at java.io.ObjectInputStream.readSerialData(ObjectInputStream.java:1832)
	at java.io.ObjectInputStream.readOrdinaryObject(ObjectInputStream.java:1719)
	at java.io.ObjectInputStream.readObject0(ObjectInputStream.java:1305)
	at java.io.ObjectInputStream.readObject(ObjectInputStream.java:348)
	at org.apache.catalina.session.StandardSession.readObject(StandardSession.java:1439)
	at org.apache.catalina.session.StandardSession.readObjectData(StandardSession.java:942)
	at org.apache.catalina.session.StandardManager.doLoad(StandardManager.java:394)
	at org.apache.catalina.session.StandardManager.load(StandardManager.java:321)
	at org.apache.catalina.session.StandardManager.start(StandardManager.java:637)
	at org.apache.catalina.core.ContainerBase.setManager(ContainerBase.java:438)
	at org.apache.catalina.core.StandardContext.start(StandardContext.java:4271)
	at org.apache.catalina.core.ContainerBase.addChildInternal(ContainerBase.java:791)
	at org.apache.catalina.core.ContainerBase.addChild(ContainerBase.java:771)
	at org.apache.catalina.core.StandardHost.addChild(StandardHost.java:525)
	at org.apache.catalina.startup.HostConfig.deployWAR(HostConfig.java:829)
	at org.apache.catalina.startup.HostConfig.deployWARs(HostConfig.java:718)
	at org.apache.catalina.startup.HostConfig.deployApps(HostConfig.java:490)
	at org.apache.catalina.startup.HostConfig.start(HostConfig.java:1147)
	at org.apache.catalina.startup.HostConfig.lifecycleEvent(HostConfig.java:311)
	at org.apache.catalina.util.LifecycleSupport.fireLifecycleEvent(LifecycleSupport.java:117)
	at org.apache.catalina.core.ContainerBase.start(ContainerBase.java:1053)
	at org.apache.catalina.core.StandardHost.start(StandardHost.java:719)
	at org.apache.catalina.core.ContainerBase.start(ContainerBase.java:1045)
	at org.apache.catalina.core.StandardEngine.start(StandardEngine.java:443)
	at org.apache.catalina.core.StandardService.start(StandardService.java:516)
	at org.apache.catalina.core.StandardServer.start(StandardServer.java:710)
	at org.apache.catalina.startup.Catalina.start(Catalina.java:578)
	at sun.reflect.NativeMethodAccessorImpl.invoke0(Native Method)
	at sun.reflect.NativeMethodAccessorImpl.invoke(NativeMethodAccessorImpl.java:39)
	at sun.reflect.DelegatingMethodAccessorImpl.invoke(DelegatingMethodAccessorImpl.java:25)
	at java.lang.reflect.Method.invoke(Method.java:585)
	at org.apache.catalina.startup.Bootstrap.start(Bootstrap.java:288)
	at org.apache.catalina.startup.Bootstrap.main(Bootstrap.java:413)
Caused by: java.io.NotSerializableException: org.drools.guvnor.server.security.RoleBasedPermissionManager
	at java.io.ObjectOutputStream.writeObject0(ObjectOutputStream.java:1081)
	at java.io.ObjectOutputStream.defaultWriteFields(ObjectOutputStream.java:1375)
	at java.io.ObjectOutputStream.writeSerialData(ObjectOutputStream.java:1347)
	at java.io.ObjectOutputStream.writeOrdinaryObject(ObjectOutputStream.java:1290)
	at java.io.ObjectOutputStream.writeObject0(ObjectOutputStream.java:1079)
	at java.io.ObjectOutputStream.writeObject(ObjectOutputStream.java:302)
	at org.apache.catalina.session.StandardSession.writeObject(StandardSession.java:1515)
	at org.apache.catalina.session.StandardSession.writeObjectData(StandardSession.java:959)
	at org.apache.catalina.session.StandardManager.doUnload(StandardManager.java:517)
	at org.apache.catalina.session.StandardManager.unload(StandardManager.java:463)
	at org.apache.catalina.session.StandardManager.stop(StandardManager.java:667)
	at org.apache.catalina.core.StandardContext.stop(StandardContext.java:4512)
	at org.apache.catalina.core.ContainerBase.removeChild(ContainerBase.java:924)
	at org.apache.catalina.startup.HostConfig.undeployApps(HostConfig.java:1189)
	at org.apache.catalina.startup.HostConfig.stop(HostConfig.java:1160)
	at org.apache.catalina.startup.HostConfig.lifecycleEvent(HostConfig.java:313)
	at org.apache.catalina.util.LifecycleSupport.fireLifecycleEvent(LifecycleSupport.java:117)
	at org.apache.catalina.core.ContainerBase.stop(ContainerBase.java:1086)
	at org.apache.catalina.core.ContainerBase.stop(ContainerBase.java:1098)
	at org.apache.catalina.core.StandardEngine.stop(StandardEngine.java:448)
	at org.apache.catalina.core.StandardService.stop(StandardService.java:584)
	at org.apache.catalina.core.StandardServer.stop(StandardServer.java:744)
	at org.apache.catalina.startup.Catalina.stop(Catalina.java:628)
	at org.apache.catalina.startup.Catalina$CatalinaShutdownHook.run(Catalina.java:671)
11-dic-2008 10:18:18 org.apache.catalina.session.StandardManager start
GRAVE: Excepción cargando sesiones desde almacenamiento persistente
java.io.WriteAbortedException: writing aborted; java.io.NotSerializableException: org.drools.guvnor.server.security.RoleBasedPermissionManager
	at java.io.ObjectInputStream.readObject0(ObjectInputStream.java:1309)
	at java.io.ObjectInputStream.defaultReadFields(ObjectInputStream.java:1908)
	at java.io.ObjectInputStream.readSerialData(ObjectInputStream.java:1832)
	at java.io.ObjectInputStream.readOrdinaryObject(ObjectInputStream.java:1719)
	at java.io.ObjectInputStream.readObject0(ObjectInputStream.java:1305)
	at java.io.ObjectInputStream.readObject(ObjectInputStream.java:348)
	at org.apache.catalina.session.StandardSession.readObject(StandardSession.java:1439)
	at org.apache.catalina.session.StandardSession.readObjectData(StandardSession.java:942)
	at org.apache.catalina.session.StandardManager.doLoad(StandardManager.java:394)
	at org.apache.catalina.session.StandardManager.load(StandardManager.java:321)
	at org.apache.catalina.session.StandardManager.start(StandardManager.java:637)
	at org.apache.catalina.core.ContainerBase.setManager(ContainerBase.java:438)
	at org.apache.catalina.core.StandardContext.start(StandardContext.java:4271)
	at org.apache.catalina.core.ContainerBase.addChildInternal(ContainerBase.java:791)
	at org.apache.catalina.core.ContainerBase.addChild(ContainerBase.java:771)
	at org.apache.catalina.core.StandardHost.addChild(StandardHost.java:525)
	at org.apache.catalina.startup.HostConfig.deployWAR(HostConfig.java:829)
	at org.apache.catalina.startup.HostConfig.deployWARs(HostConfig.java:718)
	at org.apache.catalina.startup.HostConfig.deployApps(HostConfig.java:490)
	at org.apache.catalina.startup.HostConfig.start(HostConfig.java:1147)
	at org.apache.catalina.startup.HostConfig.lifecycleEvent(HostConfig.java:311)
	at org.apache.catalina.util.LifecycleSupport.fireLifecycleEvent(LifecycleSupport.java:117)
	at org.apache.catalina.core.ContainerBase.start(ContainerBase.java:1053)
	at org.apache.catalina.core.StandardHost.start(StandardHost.java:719)
	at org.apache.catalina.core.ContainerBase.start(ContainerBase.java:1045)
	at org.apache.catalina.core.StandardEngine.start(StandardEngine.java:443)
	at org.apache.catalina.core.StandardService.start(StandardService.java:516)
	at org.apache.catalina.core.StandardServer.start(StandardServer.java:710)
	at org.apache.catalina.startup.Catalina.start(Catalina.java:578)
	at sun.reflect.NativeMethodAccessorImpl.invoke0(Native Method)
	at sun.reflect.NativeMethodAccessorImpl.invoke(NativeMethodAccessorImpl.java:39)
	at sun.reflect.DelegatingMethodAccessorImpl.invoke(DelegatingMethodAccessorImpl.java:25)
	at java.lang.reflect.Method.invoke(Method.java:585)
	at org.apache.catalina.startup.Bootstrap.start(Bootstrap.java:288)
	at org.apache.catalina.startup.Bootstrap.main(Bootstrap.java:413)
Caused by: java.io.NotSerializableException: org.drools.guvnor.server.security.RoleBasedPermissionManager
	at java.io.ObjectOutputStream.writeObject0(ObjectOutputStream.java:1081)
	at java.io.ObjectOutputStream.defaultWriteFields(ObjectOutputStream.java:1375)
	at java.io.ObjectOutputStream.writeSerialData(ObjectOutputStream.java:1347)
	at java.io.ObjectOutputStream.writeOrdinaryObject(ObjectOutputStream.java:1290)
	at java.io.ObjectOutputStream.writeObject0(ObjectOutputStream.java:1079)
	at java.io.ObjectOutputStream.writeObject(ObjectOutputStream.java:302)
	at org.apache.catalina.session.StandardSession.writeObject(StandardSession.java:1515)
	at org.apache.catalina.session.StandardSession.writeObjectData(StandardSession.java:959)
	at org.apache.catalina.session.StandardManager.doUnload(StandardManager.java:517)
	at org.apache.catalina.session.StandardManager.unload(StandardManager.java:463)
	at org.apache.catalina.session.StandardManager.stop(StandardManager.java:667)
	at org.apache.catalina.core.StandardContext.stop(StandardContext.java:4512)
	at org.apache.catalina.core.ContainerBase.removeChild(ContainerBase.java:924)
	at org.apache.catalina.startup.HostConfig.undeployApps(HostConfig.java:1189)
	at org.apache.catalina.startup.HostConfig.stop(HostConfig.java:1160)
	at org.apache.catalina.startup.HostConfig.lifecycleEvent(HostConfig.java:313)
	at org.apache.catalina.util.LifecycleSupport.fireLifecycleEvent(LifecycleSupport.java:117)
	at org.apache.catalina.core.ContainerBase.stop(ContainerBase.java:1086)
	at org.apache.catalina.core.ContainerBase.stop(ContainerBase.java:1098)
	at org.apache.catalina.core.StandardEngine.stop(StandardEngine.java:448)
	at org.apache.catalina.core.StandardService.stop(StandardService.java:584)
	at org.apache.catalina.core.StandardServer.stop(StandardServer.java:744)
	at org.apache.catalina.startup.Catalina.stop(Catalina.java:628)
	at org.apache.catalina.startup.Catalina$CatalinaShutdownHook.run(Catalina.java:671)
11-dic-2008 10:18:27 org.apache.catalina.core.StandardContext addApplicationListener
INFO: The listener "listeners.ContextListener" is already configured for this context. The duplicate definition has been ignored.
11-dic-2008 10:18:27 org.apache.catalina.core.StandardContext addApplicationListener
INFO: The listener "listeners.SessionListener" is already configured for this context. The duplicate definition has been ignored.
11-dic-2008 10:18:27 com.sun.faces.config.ConfigureListener$WebXmlProcessor scanForFacesServlet
ADVERTENCIA: Unable to process deployment descriptor for context 'null'
11-dic-2008 10:18:27 com.sun.faces.config.ConfigureListener contextInitialized
INFO: Initializing Sun's JavaServer Faces implementation (1.2_04-b10-p01) for context '/logs_ppmock'
11-dic-2008 10:18:28 org.apache.coyote.http11.Http11Protocol start
INFO: Arrancando Coyote HTTP/1.1 en puerto http-80
11-dic-2008 10:18:28 org.apache.jk.common.ChannelSocket init
INFO: JK: ajp13 listening on /0.0.0.0:8009
11-dic-2008 10:18:28 org.apache.jk.server.JkMain start
INFO: Jk running ID=0 time=0/32  config=null
11-dic-2008 10:18:28 org.apache.catalina.startup.Catalina start
INFO: Server startup in 20345 ms
