Jan 6, 2006 5:10:54 PM org.apache.catalina.core.AprLifecycleListener lifecycleEvent
INFO: The Apache Portable Runtime which allows optimal performance in production environments was not found on the java.library.path: /opt/jdk1.5.0_01/jre/lib/sparc/server:/opt/jdk1.5.0_01/jre/lib/sparc:/opt/jdk1.5.0_01/jre/../lib/sparc:/home/usra/d9/55560/lib:/opt/sfw/lib:/home/usra/d9/55560/lib::/usr/lib
Jan 6, 2006 5:10:55 PM org.apache.coyote.http11.Http11BaseProtocol init
INFO: Initializing Coyote HTTP/1.1 on http-8080
Jan 6, 2006 5:10:55 PM org.apache.catalina.startup.Catalina load
INFO: Initialization processed in 4002 ms
Jan 6, 2006 5:10:56 PM org.apache.catalina.core.StandardService start
INFO: Starting service Catalina
Jan 6, 2006 5:10:56 PM org.apache.catalina.core.StandardEngine start
INFO: Starting Servlet Engine: Apache Tomcat/5.5.12
Jan 6, 2006 5:10:56 PM org.apache.catalina.core.StandardHost start
INFO: XML validation disabled
Jan 6, 2006 5:11:03 PM org.apache.coyote.http11.Http11BaseProtocol start
INFO: Starting Coyote HTTP/1.1 on http-8080
Jan 6, 2006 5:11:03 PM org.apache.jk.common.ChannelSocket init
INFO: JK: ajp13 listening on /0.0.0.0:8009
Jan 6, 2006 5:11:03 PM org.apache.jk.server.JkMain start
INFO: Jk running ID=0 time=0/128  config=null
Jan 6, 2006 5:11:04 PM org.apache.catalina.storeconfig.StoreLoader load
INFO: Find registry server-registry.xml at classpath resource
Jan 6, 2006 5:11:04 PM org.apache.catalina.startup.Catalina start
INFO: Server startup in 8649 ms
Jan 6, 2006 5:12:32 PM org.apache.coyote.http11.Http11BaseProtocol pause
INFO: Pausing Coyote HTTP/1.1 on http-8080
Jan 6, 2006 5:12:32 PM org.apache.jk.common.ChannelSocket acceptConnections
WARNING: Exception executing accept
java.net.SocketException: Invalid argument
	at java.net.PlainSocketImpl.socketSetOption(Native Method)
	at java.net.PlainSocketImpl.setOption(PlainSocketImpl.java:264)
	at java.net.Socket.setSoLinger(Socket.java:869)
	at org.apache.jk.common.ChannelSocket.accept(ChannelSocket.java:298)
	at org.apache.jk.common.ChannelSocket.acceptConnections(ChannelSocket.java:637)
	at org.apache.jk.common.ChannelSocket$SocketAcceptor.runIt(ChannelSocket.java:847)
	at org.apache.tomcat.util.threads.ThreadPool$ControlRunnable.run(ThreadPool.java:684)
	at java.lang.Thread.run(Thread.java:595)
Jan 6, 2006 5:12:33 PM org.apache.catalina.core.StandardService stop
INFO: Stopping service Catalina
Jan 6, 2006 5:12:33 PM org.apache.coyote.http11.Http11BaseProtocol destroy
INFO: Stopping Coyote HTTP/1.1 on http-8080
Jan 6, 2006 5:12:33 PM org.apache.catalina.core.AprLifecycleListener lifecycleEvent
INFO: Failed shutdown of Apache Portable Runtime
lina.start(Catalina.java:528)
	at sun.reflect.NativeMethodAccessorImpl.invoke0(Native Method)
	at sun.reflect.NativeMethodAccessorImpl.invoke(NativeMethodAccessorImpl.java:39)
	at sun.reflect.DelegatingMethodAccessorImpl.invoke(DelegatingMethodAccessorImpl.java:25)
	at java.lang.reflect.Method.invoke(Method.java:585)
	at org.apache.catalina.startup.Bootstrap.start(Bootstrap.java:275)
	at org.apache.catalina.startup.Bootstrap.main(Bootstrap.java:413)
Jan 6, 2006 5:12:03 PM org.apache.catalina.startup.Catalina load
SEVERE: Catalina.start
LifecycleException:  Protocol handler initialization failed: java.net.BindException: Address already in use:8080
	at org.apache.catalina.connector.Connector.initialize(Connector.java:1018)
	at org.apache.catalina.core.StandardService.initialize(StandardService.java:580)
	at org.apache.catalina.core.StandardServer.initialize(StandardServer.java:762)
	at org.apache.catalina.startup.Catalina.load(Catalina.java:488)
	at org.apache.catalina.startup.Catalina.start(Catalina.java:528)
	at sun.reflect.NativeMethodAccessorImpl.invoke0(Native Method)
	at sun.reflect.NativeMethodAccessorImpl.invoke(NativeMethodAccessorImpl.java:39)
	at sun.reflect.DelegatingMethodAccessorImpl.invoke(DelegatingMethodAccessorImpl.java:25)
	at java.lang.reflect.Method.invoke(Method.java:585)
	at org.apache.catalina.startup.Bootstrap.start(Bootstrap.java:275)
	at org.apache.catalina.startup.Bootstrap.main(Bootstrap.java:413)
Jan 6, 2006 5:12:03 PM org.apache.catalina.startup.Catalina load
INFO: Initialization processed in 3126 ms
Jan 6, 2006 5:12:04 PM org.apache.catalina.core.StandardService start
INFO: Starting service Catalina
Jan 6, 2006 5:12:04 PM org.apache.catalina.core.StandardEngine start
INFO: Starting Servlet Engine: Apache Tomcat/5.5.12
Jan 6, 2006 5:12:04 PM org.apache.catalina.core.StandardHost start
INFO: XML validation disabled
Jan 6, 2006 5:12:09 PM org.apache.coyote.http11.Http11BaseProtocol start
SEVERE: Error starting endpoint
java.net.BindException: Address already in use:8080
	at org.apache.tomcat.util.net.PoolTcpEndpoint.initEndpoint(PoolTcpEndpoint.java:297)
	at org.apache.tomcat.util.net.PoolTcpEndpoint.startEndpoint(PoolTcpEndpoint.java:312)
	at org.apache.coyote.http11.Http11BaseProtocol.start(Http11BaseProtocol.java:149)
	at org.apache.coyote.http11.Http11Protocol.start(Http11Protocol.java:95)
	at org.apache.catalina.connector.Connector.start(Connector.java:1089)
	at org.apache.catalina.core.StandardService.start(StandardService.java:459)
	at org.apache.catalina.core.StandardServer.start(StandardServer.java:680)
	at org.apache.catalina.startup.Catalina.start(Catalina.java:536)
	at sun.reflect.NativeMethodAccessorImpl.invoke0(Native Method)
	at sun.reflect.NativeMethodAccessorImpl.invoke(NativeMethodAccessorImpl.java:39)
	at sun.reflect.DelegatingMethodAccessorImpl.invoke(DelegatingMethodAccessorImpl.java:25)
	at java.lang.reflect.Method.invoke(Method.java:585)
	at org.apache.catalina.startup.Bootstrap.start(Bootstrap.java:275)
	at org.apache.catalina.startup.Bootstrap.main(Bootstrap.java:413)
Jan 6, 2006 5:12:09 PM org.apache.catalina.startup.Catalina start
SEVERE: Catalina.start: 
LifecycleException:  Protocol handler start failed: java.net.BindException: Address already in use:8080
	at org.apache.catalina.connector.Connector.start(Connector.java:1091)
	at org.apache.catalina.core.StandardService.start(StandardService.java:459)
	at org.apache.catalina.core.StandardServer.start(StandardServer.java:680)
	at org.apache.catalina.startup.Catalina.start(Catalina.java:536)
	at sun.reflect.NativeMethodAccessorImpl.invoke0(Native Method)
	at sun.reflect.NativeMethodAccessorImpl.invoke(NativeMethodAccessorImpl.java:39)
	at sun.reflect.DelegatingMethodAccessorImpl.invoke(DelegatingMethodAccessorImpl.java:25)
	at java.lang.reflect.Method.invoke(Method.java:585)
	at org.apache.catalina.startup.Bootstrap.start(Bootstrap.java:275)
	at org.apache.catalina.startup.Bootstrap.main(Bootstrap.java:413)
Jan 6, 2006 5:12:09 PM org.apache.catalina.startup.Catalina start
INFO: Server startup in 5247 ms
Jan 6, 2006 5:12:09 PM org.apache.catalina.core.StandardServer await
SEVERE: StandardServer.await: create[8005]: 
java.net.BindException: Address already in use
	at java.net.PlainSocketImpl.socketBind(Native Method)
	at java.net.PlainSocketImpl.bind(PlainSocketImpl.java:359)
	at java.net.ServerSocket.bind(ServerSocket.java:319)
	at java.net.ServerSocket.<init>(ServerSocket.java:185)
	at org.apache.catalina.core.StandardServer.await(StandardServer.java:343)
	at org.apache.catalina.startup.Catalina.await(Catalina.java:600)
	at org.apache.catalina.startup.Catalina.start(Catalina.java:560)
	at sun.reflect.NativeMethodAccessorImpl.invoke0(Native Method)
	at sun.reflect.NativeMethodAccessorImpl.invoke(NativeMethodAccessorImpl.java:39)
	at sun.reflect.DelegatingMethodAccessorImpl.invoke(DelegatingMethodAccessorImpl.java:25)
	at java.lang.reflect.Method.invoke(Method.java:585)
	at org.apache.catalina.startup.Bootstrap.start(Bootstrap.java:275)
	at org.apache.catalina.startup.Bootstrap.main(Bootstrap.java:413)
Jan 6, 2006 5:12:09 PM org.apache.coyote.http11.Http11BaseProtocol pause
INFO: Pausing Coyote HTTP/1.1 on http-8080
Jan 6, 2006 5:12:09 PM org.apache.catalina.connector.Connector pause
SEVERE: Protocol handler pause failed
java.lang.NullPointerException
	at org.apache.jk.server.JkMain.pause(JkMain.java:677)
	at org.apache.jk.server.JkCoyoteHandler.pause(JkCoyoteHandler.java:162)
	at org.apache.catalina.connector.Connector.pause(Connector.java:1031)
	at org.apache.catalina.core.StandardService.stop(StandardService.java:491)
	at org.apache.catalina.core.StandardServer.stop(StandardServer.java:714)
	at org.apache.catalina.startup.Catalina.stop(Catalina.java:586)
	at org.apache.catalina.startup.Catalina$CatalinaShutdownHook.run(Catalina.java:629)
Jan 6, 2006 5:16:39 PM org.apache.catalina.core.AprLifecycleListener lifecycleEvent
INFO: The Apache Portable Runtime which allows optimal performance in production environments was not found on the java.library.path: /opt/jdk1.5.0_01/jre/lib/sparc/server:/opt/jdk1.5.0_01/jre/lib/sparc:/opt/jdk1.5.0_01/jre/../lib/sparc:/home/usra/d9/55560/lib:/opt/sfw/lib:/home/usra/d9/55560/lib::/usr/lib
Jan 6, 2006 5:16:39 PM org.apache.coyote.http11.Http11BaseProtocol init
INFO: Initializing Coyote HTTP/1.1 on http-8080
Jan 6, 2006 5:16:39 PM org.apache.catalina.startup.Catalina load
INFO: Initialization processed in 3273 ms
Jan 6, 2006 5:16:40 PM org.apache.catalina.core.StandardService start
INFO: Starting service Catalina
Jan 6, 2006 5:16:40 PM org.apache.catalina.core.StandardEngine start
INFO: Starting Servlet Engine: Apache Tomcat/5.5.12
Jan 6, 2006 5:16:40 PM org.apache.catalina.core.StandardHost start
INFO: XML validation disabled
Jan 6, 2006 5:16:45 PM org.apache.coyote.http11.Http11BaseProtocol start
INFO: Starting Coyote HTTP/1.1 on http-8080
Jan 6, 2006 5:16:46 PM org.apache.jk.common.ChannelSocket init
INFO: JK: ajp13 listening on /0.0.0.0:8009
Jan 6, 2006 5:16:46 PM org.apache.jk.server.JkMain start
INFO: Jk running ID=0 time=0/135  config=null
Jan 6, 2006 5:16:46 PM org.apache.catalina.storeconfig.StoreLoader load
INFO: Find registry server-registry.xml at classpath resource
Jan 6, 2006 5:16:46 PM org.apache.catalina.startup.Catalina start
INFO: Server startup in 6789 ms
Jan 6, 2006 5:17:34 PM org.apache.coyote.http11.Http11BaseProtocol pause
INFO: Pausing Coyote HTTP/1.1 on http-8080
Jan 6, 2006 5:17:34 PM org.apache.jk.common.ChannelSocket acceptConnections
WARNING: Exception executing accept
java.net.SocketException: Invalid argument
	at java.net.PlainSocketImpl.socketSetOption(Native Method)
	at java.net.PlainSocketImpl.setOption(PlainSocketImpl.java:264)
	at java.net.Socket.setSoLinger(Socket.java:869)
	at org.apache.jk.common.ChannelSocket.accept(ChannelSocket.java:298)
	at org.apache.jk.common.ChannelSocket.acceptConnections(ChannelSocket.java:637)
	at org.apache.jk.common.ChannelSocket$SocketAcceptor.runIt(ChannelSocket.java:847)
	at org.apache.tomcat.util.threads.ThreadPool$ControlRunnable.run(ThreadPool.java:684)
	at java.lang.Thread.run(Thread.java:595)
Jan 6, 2006 5:17:35 PM org.apache.catalina.core.StandardService stop
INFO: Stopping service Catalina
Jan 6, 2006 5:17:35 PM org.apache.coyote.http11.Http11BaseProtocol destroy
INFO: Stopping Coyote HTTP/1.1 on http-8080
Jan 6, 2006 5:17:35 PM org.apache.catalina.core.AprLifecycleListener lifecycleEvent
INFO: Failed shutdown of Apache Portable Runtime
usage: java org.apache.catalina.startup.Catalina [ -config {pathname} ] [ -nonaming ] { start | stop }
Jan 6, 2006 5:19:16 PM org.apache.catalina.core.AprLifecycleListener lifecycleEvent
INFO: The Apache Portable Runtime which allows optimal performance in production environments was not found on the java.library.path: /opt/jdk1.5.0_01/jre/lib/sparc/server:/opt/jdk1.5.0_01/jre/lib/sparc:/opt/jdk1.5.0_01/jre/../lib/sparc:/home/usra/d9/55560/lib:/opt/sfw/lib:/home/usra/d9/55560/lib::/usr/lib
Jan 6, 2006 5:19:17 PM org.apache.coyote.http11.Http11BaseProtocol init
INFO: Initializing Coyote HTTP/1.1 on http-8080
Jan 6, 2006 5:19:17 PM org.apache.catalina.startup.Catalina load
INFO: Initialization processed in 3206 ms
Jan 6, 2006 5:19:18 PM org.apache.catalina.core.StandardService start
INFO: Starting service Catalina
Jan 6, 2006 5:19:19 PM org.apache.catalina.core.StandardEngine start
INFO: Starting Servlet Engine: Apache Tomcat/5.5.12
Jan 6, 2006 5:19:19 PM org.apache.catalina.core.StandardHost start
INFO: XML validation disabled
Jan 6, 2006 5:19:24 PM org.apache.coyote.http11.Http11BaseProtocol start
INFO: Starting Coyote HTTP/1.1 on http-8080
Jan 6, 2006 5:19:24 PM org.apache.jk.common.ChannelSocket init
INFO: JK: ajp13 listening on /0.0.0.0:8009
Jan 6, 2006 5:19:24 PM org.apache.jk.server.JkMain start
INFO: Jk running ID=0 time=0/106  config=null
Jan 6, 2006 5:19:25 PM org.apache.catalina.storeconfig.StoreLoader load
INFO: Find registry server-registry.xml at classpath resource
Jan 6, 2006 5:19:25 PM org.apache.catalina.startup.Catalina start
INFO: Server startup in 7899 ms
Jan 6, 2006 5:23:03 PM org.apache.coyote.http11.Http11BaseProtocol pause
INFO: Pausing Coyote HTTP/1.1 on http-8080
Jan 6, 2006 5:23:03 PM org.apache.jk.common.ChannelSocket acceptConnections
WARNING: Exception executing accept
java.net.SocketException: Invalid argument
	at java.net.PlainSocketImpl.socketSetOption(Native Method)
	at java.net.PlainSocketImpl.setOption(PlainSocketImpl.java:264)
	at java.net.Socket.setSoLinger(Socket.java:869)
	at org.apache.jk.common.ChannelSocket.accept(ChannelSocket.java:298)
	at org.apache.jk.common.ChannelSocket.acceptConnections(ChannelSocket.java:637)
	at org.apache.jk.common.ChannelSocket$SocketAcceptor.runIt(ChannelSocket.java:847)
	at org.apache.tomcat.util.threads.ThreadPool$ControlRunnable.run(ThreadPool.java:684)
	at java.lang.Thread.run(Thread.java:595)
Jan 6, 2006 5:23:04 PM org.apache.catalina.core.StandardService stop
INFO: Stopping service Catalina
Jan 6, 2006 5:23:04 PM org.apache.coyote.http11.Http11BaseProtocol destroy
INFO: Stopping Coyote HTTP/1.1 on http-8080
Jan 6, 2006 5:23:04 PM org.apache.catalina.core.AprLifecycleListener lifecycleEvent
INFO: Failed shutdown of Apache Portable Runtime
lina.start(Catalina.java:528)
	at sun.reflect.NativeMethodAccessorImpl.invoke0(Native Method)
	at sun.reflect.NativeMethodAccessorImpl.invoke(NativeMethodAccessorImpl.java:39)
	at sun.reflect.DelegatingMethodAccessorImpl.invoke(DelegatingMethodAccessorImpl.java:25)
	at java.lang.reflect.Method.invoke(Method.java:585)
	at org.apache.catalina.startup.Bootstrap.start(Bootstrap.java:275)
	at org.apache.catalina.startup.Bootstrap.main(Bootstrap.java:413)
Jan 6, 2006 5:22:54 PM org.apache.catalina.startup.Catalina load
SEVERE: Catalina.start
LifecycleException:  Protocol handler initialization failed: java.net.BindException: Address already in use:8080
	at org.apache.catalina.connector.Connector.initialize(Connector.java:1018)
	at org.apache.catalina.core.StandardService.initialize(StandardService.java:580)
	at org.apache.catalina.core.StandardServer.initialize(StandardServer.java:762)
	at org.apache.catalina.startup.Catalina.load(Catalina.java:488)
	at org.apache.catalina.startup.Catalina.start(Catalina.java:528)
	at sun.reflect.NativeMethodAccessorImpl.invoke0(Native Method)
	at sun.reflect.NativeMethodAccessorImpl.invoke(NativeMethodAccessorImpl.java:39)
	at sun.reflect.DelegatingMethodAccessorImpl.invoke(DelegatingMethodAccessorImpl.java:25)
	at java.lang.reflect.Method.invoke(Method.java:585)
	at org.apache.catalina.startup.Bootstrap.start(Bootstrap.java:275)
	at org.apache.catalina.startup.Bootstrap.main(Bootstrap.java:413)
Jan 6, 2006 5:22:54 PM org.apache.catalina.startup.Catalina load
INFO: Initialization processed in 3198 ms
Jan 6, 2006 5:22:55 PM org.apache.catalina.core.StandardService start
INFO: Starting service Catalina
Jan 6, 2006 5:22:55 PM org.apache.catalina.core.StandardEngine start
INFO: Starting Servlet Engine: Apache Tomcat/5.5.12
Jan 6, 2006 5:22:55 PM org.apache.catalina.core.StandardHost start
INFO: XML validation disabled
Jan 6, 2006 5:22:59 PM org.apache.coyote.http11.Http11BaseProtocol start
SEVERE: Error starting endpoint
java.net.BindException: Address already in use:8080
	at org.apache.tomcat.util.net.PoolTcpEndpoint.initEndpoint(PoolTcpEndpoint.java:297)
	at org.apache.tomcat.util.net.PoolTcpEndpoint.startEndpoint(PoolTcpEndpoint.java:312)
	at org.apache.coyote.http11.Http11BaseProtocol.start(Http11BaseProtocol.java:149)
	at org.apache.coyote.http11.Http11Protocol.start(Http11Protocol.java:95)
	at org.apache.catalina.connector.Connector.start(Connector.java:1089)
	at org.apache.catalina.core.StandardService.start(StandardService.java:459)
	at org.apache.catalina.core.StandardServer.start(StandardServer.java:680)
	at org.apache.catalina.startup.Catalina.start(Catalina.java:536)
	at sun.reflect.NativeMethodAccessorImpl.invoke0(Native Method)
	at sun.reflect.NativeMethodAccessorImpl.invoke(NativeMethodAccessorImpl.java:39)
	at sun.reflect.DelegatingMethodAccessorImpl.invoke(DelegatingMethodAccessorImpl.java:25)
	at java.lang.reflect.Method.invoke(Method.java:585)
	at org.apache.catalina.startup.Bootstrap.start(Bootstrap.java:275)
	at org.apache.catalina.startup.Bootstrap.main(Bootstrap.java:413)
Jan 6, 2006 5:22:59 PM org.apache.catalina.startup.Catalina start
SEVERE: Catalina.start: 
LifecycleException:  Protocol handler start failed: java.net.BindException: Address already in use:8080
	at org.apache.catalina.connector.Connector.start(Connector.java:1091)
	at org.apache.catalina.core.StandardService.start(StandardService.java:459)
	at org.apache.catalina.core.StandardServer.start(StandardServer.java:680)
	at org.apache.catalina.startup.Catalina.start(Catalina.java:536)
	at sun.reflect.NativeMethodAccessorImpl.invoke0(Native Method)
	at sun.reflect.NativeMethodAccessorImpl.invoke(NativeMethodAccessorImpl.java:39)
	at sun.reflect.DelegatingMethodAccessorImpl.invoke(DelegatingMethodAccessorImpl.java:25)
	at java.lang.reflect.Method.invoke(Method.java:585)
	at org.apache.catalina.startup.Bootstrap.start(Bootstrap.java:275)
	at org.apache.catalina.startup.Bootstrap.main(Bootstrap.java:413)
Jan 6, 2006 5:22:59 PM org.apache.catalina.startup.Catalina start
INFO: Server startup in 5287 ms
Jan 6, 2006 5:22:59 PM org.apache.catalina.core.StandardServer await
SEVERE: StandardServer.await: create[8005]: 
java.net.BindException: Address already in use
	at java.net.PlainSocketImpl.socketBind(Native Method)
	at java.net.PlainSocketImpl.bind(PlainSocketImpl.java:359)
	at java.net.ServerSocket.bind(ServerSocket.java:319)
	at java.net.ServerSocket.<init>(ServerSocket.java:185)
	at org.apache.catalina.core.StandardServer.await(StandardServer.java:343)
	at org.apache.catalina.startup.Catalina.await(Catalina.java:600)
	at org.apache.catalina.startup.Catalina.start(Catalina.java:560)
	at sun.reflect.NativeMethodAccessorImpl.invoke0(Native Method)
	at sun.reflect.NativeMethodAccessorImpl.invoke(NativeMethodAccessorImpl.java:39)
	at sun.reflect.DelegatingMethodAccessorImpl.invoke(DelegatingMethodAccessorImpl.java:25)
	at java.lang.reflect.Method.invoke(Method.java:585)
	at org.apache.catalina.startup.Bootstrap.start(Bootstrap.java:275)
	at org.apache.catalina.startup.Bootstrap.main(Bootstrap.java:413)
Jan 6, 2006 5:22:59 PM org.apache.coyote.http11.Http11BaseProtocol pause
INFO: Pausing Coyote HTTP/1.1 on http-8080
Jan 6, 2006 5:22:59 PM org.apache.catalina.connector.Connector pause
SEVERE: Protocol handler pause failed
java.lang.NullPointerException
	at org.apache.jk.server.JkMain.pause(JkMain.java:677)
	at org.apache.jk.server.JkCoyoteHandler.pause(JkCoyoteHandler.java:162)
	at org.apache.catalina.connector.Connector.pause(Connector.java:1031)
	at org.apache.catalina.core.StandardService.stop(StandardService.java:491)
	at org.apache.catalina.core.StandardServer.stop(StandardServer.java:714)
	at org.apache.catalina.startup.Catalina.stop(Catalina.java:586)
	at org.apache.catalina.startup.Catalina$CatalinaShutdownHook.run(Catalina.java:629)
