
2013-09-11 13:19:13 Commons Daemon procrun stderr initialized
Sep 11, 2013 1:19:14 PM org.apache.catalina.core.AprLifecycleListener init
INFO: The APR based Apache Tomcat Native library which allows optimal performance in production environments was not found on the java.library.path: C:\Program Files\Apache Software Foundation\Tomcat 7.0\bin;C:\Windows\Sun\Java\bin;C:\Windows\system32;C:\Windows;C:\Windows\system32;C:\Windows;C:\Windows\System32\Wbem;C:\Windows\System32\WindowsPowerShell\v1.0\;C:\Program Files\Intel\WiFi\bin\;C:\Program Files\Common Files\Intel\WirelessCommon\;C:\Program Files\Java\jdk1.7.0_25\bin;C:\maven-apache-310\apache-maven-3.1.0\bin;;.
Sep 11, 2013 1:19:14 PM org.apache.coyote.AbstractProtocol init
INFO: Initializing ProtocolHandler ["http-bio-8080"]
Sep 11, 2013 1:19:14 PM org.apache.coyote.AbstractProtocol init
INFO: Initializing ProtocolHandler ["ajp-bio-8009"]
Sep 11, 2013 1:19:14 PM org.apache.catalina.startup.Catalina load
INFO: Initialization processed in 816 ms
Sep 11, 2013 1:19:14 PM org.apache.catalina.core.StandardService startInternal
INFO: Starting service Catalina
Sep 11, 2013 1:19:14 PM org.apache.catalina.core.StandardEngine startInternal
INFO: Starting Servlet Engine: Apache Tomcat/7.0.42
Sep 11, 2013 1:19:14 PM org.apache.catalina.startup.HostConfig deployDirectory
INFO: Deploying web application directory C:\Program Files\Apache Software Foundation\Tomcat 7.0\webapps\docs
Sep 11, 2013 1:19:15 PM org.apache.catalina.startup.HostConfig deployDirectory
INFO: Deploying web application directory C:\Program Files\Apache Software Foundation\Tomcat 7.0\webapps\examples
Sep 11, 2013 1:19:15 PM org.apache.catalina.startup.HostConfig deployDirectory
INFO: Deploying web application directory C:\Program Files\Apache Software Foundation\Tomcat 7.0\webapps\host-manager
Sep 11, 2013 1:19:15 PM org.apache.catalina.startup.HostConfig deployDirectory
INFO: Deploying web application directory C:\Program Files\Apache Software Foundation\Tomcat 7.0\webapps\manager
Sep 11, 2013 1:19:15 PM org.apache.catalina.startup.HostConfig deployDirectory
INFO: Deploying web application directory C:\Program Files\Apache Software Foundation\Tomcat 7.0\webapps\ROOT
Sep 11, 2013 1:19:15 PM org.apache.coyote.AbstractProtocol start
INFO: Starting ProtocolHandler ["http-bio-8080"]
Sep 11, 2013 1:19:15 PM org.apache.coyote.AbstractProtocol start
INFO: Starting ProtocolHandler ["ajp-bio-8009"]
Sep 11, 2013 1:19:15 PM org.apache.catalina.startup.Catalina start
INFO: Server startup in 716 ms
Sep 11, 2013 1:30:34 PM org.apache.coyote.AbstractProtocol pause
INFO: Pausing ProtocolHandler ["http-bio-8080"]
Sep 11, 2013 1:30:34 PM org.apache.coyote.AbstractProtocol pause
INFO: Pausing ProtocolHandler ["ajp-bio-8009"]
Sep 11, 2013 1:30:34 PM org.apache.catalina.core.StandardService stopInternal
INFO: Stopping service Catalina
Sep 11, 2013 1:30:34 PM org.apache.coyote.AbstractProtocol stop
INFO: Stopping ProtocolHandler ["http-bio-8080"]
Sep 11, 2013 1:30:34 PM org.apache.coyote.AbstractProtocol stop
INFO: Stopping ProtocolHandler ["ajp-bio-8009"]

2013-09-11 13:30:36 Commons Daemon procrun stderr initialized
Sep 11, 2013 1:30:36 PM org.apache.catalina.core.AprLifecycleListener init
INFO: The APR based Apache Tomcat Native library which allows optimal performance in production environments was not found on the java.library.path: C:\Program Files\Apache Software Foundation\Tomcat 7.0\bin;C:\Windows\Sun\Java\bin;C:\Windows\system32;C:\Windows;C:\Windows\system32;C:\Windows;C:\Windows\System32\Wbem;C:\Windows\System32\WindowsPowerShell\v1.0\;C:\Program Files\Intel\WiFi\bin\;C:\Program Files\Common Files\Intel\WirelessCommon\;C:\Program Files\Java\jdk1.7.0_25\bin;C:\maven-apache-310\apache-maven-3.1.0\bin;;.
Sep 11, 2013 1:30:36 PM org.apache.coyote.AbstractProtocol init
INFO: Initializing ProtocolHandler ["http-bio-8080"]
Sep 11, 2013 1:30:36 PM org.apache.coyote.AbstractProtocol init
INFO: Initializing ProtocolHandler ["ajp-bio-8009"]
Sep 11, 2013 1:30:37 PM org.apache.catalina.startup.Catalina load
INFO: Initialization processed in 546 ms
Sep 11, 2013 1:30:37 PM org.apache.catalina.core.StandardService startInternal
INFO: Starting service Catalina
Sep 11, 2013 1:30:37 PM org.apache.catalina.core.StandardEngine startInternal
INFO: Starting Servlet Engine: Apache Tomcat/7.0.42
Sep 11, 2013 1:30:37 PM org.apache.catalina.startup.HostConfig deployDirectory
INFO: Deploying web application directory C:\Program Files\Apache Software Foundation\Tomcat 7.0\webapps\docs
Sep 11, 2013 1:30:37 PM org.apache.catalina.startup.HostConfig deployDirectory
INFO: Deploying web application directory C:\Program Files\Apache Software Foundation\Tomcat 7.0\webapps\examples
Sep 11, 2013 1:30:37 PM org.apache.catalina.startup.HostConfig deployDirectory
INFO: Deploying web application directory C:\Program Files\Apache Software Foundation\Tomcat 7.0\webapps\host-manager
Sep 11, 2013 1:30:37 PM org.apache.catalina.startup.HostConfig deployDirectory
INFO: Deploying web application directory C:\Program Files\Apache Software Foundation\Tomcat 7.0\webapps\manager
Sep 11, 2013 1:30:37 PM org.apache.catalina.startup.HostConfig deployDirectory
INFO: Deploying web application directory C:\Program Files\Apache Software Foundation\Tomcat 7.0\webapps\ROOT
Sep 11, 2013 1:30:37 PM org.apache.coyote.AbstractProtocol start
INFO: Starting ProtocolHandler ["http-bio-8080"]
Sep 11, 2013 1:30:37 PM org.apache.coyote.AbstractProtocol start
INFO: Starting ProtocolHandler ["ajp-bio-8009"]
Sep 11, 2013 1:30:37 PM org.apache.catalina.startup.Catalina start
INFO: Server startup in 739 ms
Sep 11, 2013 1:34:47 PM org.apache.catalina.startup.HostConfig deployWAR
INFO: Deploying web application archive C:\Program Files\Apache Software Foundation\Tomcat 7.0\webapps\openam-server-10.1.0-Xpress.war
Sep 11, 2013 1:34:49 PM org.apache.coyote.AbstractProtocol pause
INFO: Pausing ProtocolHandler ["http-bio-8080"]
Sep 11, 2013 1:34:50 PM org.apache.coyote.AbstractProtocol pause
INFO: Pausing ProtocolHandler ["ajp-bio-8009"]
Sep 11, 2013 1:34:50 PM org.apache.catalina.core.StandardService stopInternal
INFO: Stopping service Catalina
Sep 11, 2013 1:34:50 PM org.apache.catalina.startup.HostConfig deployWARs
SEVERE: Error waiting for multi-thread deployment of WAR files to complete
java.lang.InterruptedException
	at java.util.concurrent.locks.AbstractQueuedSynchronizer.doAcquireSharedInterruptibly(Unknown Source)
	at java.util.concurrent.locks.AbstractQueuedSynchronizer.acquireSharedInterruptibly(Unknown Source)
	at java.util.concurrent.FutureTask$Sync.innerGet(Unknown Source)
	at java.util.concurrent.FutureTask.get(Unknown Source)
	at org.apache.catalina.startup.HostConfig.deployWARs(HostConfig.java:765)
	at org.apache.catalina.startup.HostConfig.deployApps(HostConfig.java:476)
	at org.apache.catalina.startup.HostConfig.check(HostConfig.java:1448)
	at org.apache.catalina.startup.HostConfig.lifecycleEvent(HostConfig.java:315)
	at org.apache.catalina.util.LifecycleSupport.fireLifecycleEvent(LifecycleSupport.java:119)
	at org.apache.catalina.util.LifecycleBase.fireLifecycleEvent(LifecycleBase.java:90)
	at org.apache.catalina.core.ContainerBase.backgroundProcess(ContainerBase.java:1374)
	at org.apache.catalina.core.ContainerBase$ContainerBackgroundProcessor.processChildren(ContainerBase.java:1530)
	at org.apache.catalina.core.ContainerBase$ContainerBackgroundProcessor.processChildren(ContainerBase.java:1540)
	at org.apache.catalina.core.ContainerBase$ContainerBackgroundProcessor.run(ContainerBase.java:1519)
	at java.lang.Thread.run(Unknown Source)

Sep 11, 2013 1:34:59 PM com.sun.xml.ws.transport.http.servlet.WSServletContextListener contextInitialized
INFO: WSSERVLET12: JAX-WS context listener initializing
Sep 11, 2013 1:35:00 PM com.sun.xml.ws.transport.http.servlet.WSServletDelegate <init>
INFO: WSSERVLET14: JAX-WS servlet initializing
Sep 11, 2013 1:35:00 PM com.sun.jersey.server.impl.application.WebApplicationImpl initiate
INFO: Initiating Jersey application, version 'Jersey: 1.1.1-ea 07/14/2009 07:18 PM'
Sep 11, 2013 1:35:01 PM com.sun.jersey.server.impl.application.WebApplicationImpl initiate
INFO: Initiating Jersey application, version 'Jersey: 1.1.1-ea 07/14/2009 07:18 PM'
Sep 11, 2013 1:35:01 PM com.sun.jersey.server.impl.application.WebApplicationImpl initiate
INFO: Initiating Jersey application, version 'Jersey: 1.1.1-ea 07/14/2009 07:18 PM'
Sep 11, 2013 1:35:04 PM com.sun.xml.ws.transport.http.servlet.WSServletContextListener contextDestroyed
INFO: WSSERVLET13: JAX-WS context listener destroyed
Sep 11, 2013 1:35:04 PM org.apache.catalina.loader.WebappClassLoader checkThreadLocalMapForLeaks
SEVERE: The web application [/openam-server-10.1.0-Xpress] created a ThreadLocal with key of type [com.sun.xml.bind.v2.ClassFactory$1] (value [com.sun.xml.bind.v2.ClassFactory$1@5486de21]) and a value of type [java.util.WeakHashMap] (value [{class javax.xml.bind.annotation.W3CDomHandler=java.lang.ref.WeakReference@626173e1}]) but failed to remove it when the web application was stopped. Threads are going to be renewed over time to try and avoid a probable memory leak.
Sep 11, 2013 1:35:04 PM org.apache.coyote.AbstractProtocol stop
INFO: Stopping ProtocolHandler ["http-bio-8080"]
Sep 11, 2013 1:35:04 PM org.apache.coyote.AbstractProtocol stop
INFO: Stopping ProtocolHandler ["ajp-bio-8009"]

2013-09-11 13:35:05 Commons Daemon procrun stderr initialized
Sep 11, 2013 1:35:05 PM org.apache.catalina.core.AprLifecycleListener init
INFO: The APR based Apache Tomcat Native library which allows optimal performance in production environments was not found on the java.library.path: C:\Program Files\Apache Software Foundation\Tomcat 7.0\bin;C:\Windows\Sun\Java\bin;C:\Windows\system32;C:\Windows;C:\Windows\system32;C:\Windows;C:\Windows\System32\Wbem;C:\Windows\System32\WindowsPowerShell\v1.0\;C:\Program Files\Intel\WiFi\bin\;C:\Program Files\Common Files\Intel\WirelessCommon\;C:\Program Files\Java\jdk1.7.0_25\bin;C:\maven-apache-310\apache-maven-3.1.0\bin;;.
Sep 11, 2013 1:35:06 PM org.apache.coyote.AbstractProtocol init
INFO: Initializing ProtocolHandler ["http-bio-8080"]
Sep 11, 2013 1:35:06 PM org.apache.coyote.AbstractProtocol init
INFO: Initializing ProtocolHandler ["ajp-bio-8009"]
Sep 11, 2013 1:35:06 PM org.apache.catalina.startup.Catalina load
INFO: Initialization processed in 588 ms
Sep 11, 2013 1:35:06 PM org.apache.catalina.core.StandardService startInternal
INFO: Starting service Catalina
Sep 11, 2013 1:35:06 PM org.apache.catalina.core.StandardEngine startInternal
INFO: Starting Servlet Engine: Apache Tomcat/7.0.42
Sep 11, 2013 1:35:06 PM org.apache.catalina.startup.HostConfig deployWAR
INFO: Deploying web application archive C:\Program Files\Apache Software Foundation\Tomcat 7.0\webapps\openam-server-10.1.0-Xpress.war
Sep 11, 2013 1:35:11 PM com.sun.xml.ws.transport.http.servlet.WSServletContextListener contextInitialized
INFO: WSSERVLET12: JAX-WS context listener initializing
Sep 11, 2013 1:35:12 PM com.sun.xml.ws.transport.http.servlet.WSServletDelegate <init>
INFO: WSSERVLET14: JAX-WS servlet initializing
Sep 11, 2013 1:35:13 PM com.sun.jersey.server.impl.application.WebApplicationImpl initiate
INFO: Initiating Jersey application, version 'Jersey: 1.1.1-ea 07/14/2009 07:18 PM'
Sep 11, 2013 1:35:13 PM com.sun.jersey.server.impl.application.WebApplicationImpl initiate
INFO: Initiating Jersey application, version 'Jersey: 1.1.1-ea 07/14/2009 07:18 PM'
Sep 11, 2013 1:35:13 PM com.sun.jersey.server.impl.application.WebApplicationImpl initiate
INFO: Initiating Jersey application, version 'Jersey: 1.1.1-ea 07/14/2009 07:18 PM'
Sep 11, 2013 1:35:13 PM org.apache.catalina.startup.HostConfig deployDirectory
INFO: Deploying web application directory C:\Program Files\Apache Software Foundation\Tomcat 7.0\webapps\docs
Sep 11, 2013 1:35:13 PM org.apache.catalina.startup.HostConfig deployDirectory
INFO: Deploying web application directory C:\Program Files\Apache Software Foundation\Tomcat 7.0\webapps\examples
Sep 11, 2013 1:35:14 PM org.apache.catalina.startup.HostConfig deployDirectory
INFO: Deploying web application directory C:\Program Files\Apache Software Foundation\Tomcat 7.0\webapps\host-manager
Sep 11, 2013 1:35:14 PM org.apache.catalina.startup.HostConfig deployDirectory
INFO: Deploying web application directory C:\Program Files\Apache Software Foundation\Tomcat 7.0\webapps\manager
Sep 11, 2013 1:35:14 PM org.apache.catalina.startup.HostConfig deployDirectory
INFO: Deploying web application directory C:\Program Files\Apache Software Foundation\Tomcat 7.0\webapps\ROOT
Sep 11, 2013 1:35:14 PM org.apache.coyote.AbstractProtocol start
INFO: Starting ProtocolHandler ["http-bio-8080"]
Sep 11, 2013 1:35:14 PM org.apache.coyote.AbstractProtocol start
INFO: Starting ProtocolHandler ["ajp-bio-8009"]
Sep 11, 2013 1:35:14 PM org.apache.catalina.startup.Catalina start
INFO: Server startup in 8194 ms
